Release 14.7 - xst P.20131013 (lin64)
Copyright (c) 1995-2013 Xilinx, Inc.  All rights reserved.
--> 
Parameter TMPDIR set to xst/projnav.tmp


Total REAL time to Xst completion: 0.00 secs
Total CPU time to Xst completion: 0.04 secs
 
--> 
Parameter xsthdpdir set to xst


Total REAL time to Xst completion: 0.00 secs
Total CPU time to Xst completion: 0.04 secs
 
--> 
Reading design: diff.prj

TABLE OF CONTENTS
  1) Synthesis Options Summary
  2) HDL Parsing
  3) HDL Elaboration
  4) HDL Synthesis
       4.1) HDL Synthesis Report
  5) Advanced HDL Synthesis
       5.1) Advanced HDL Synthesis Report
  6) Low Level Synthesis
  7) Partition Report
  8) Design Summary
       8.1) Primitive and Black Box Usage
       8.2) Device utilization summary
       8.3) Partition Resource Summary
       8.4) Timing Report
            8.4.1) Clock Information
            8.4.2) Asynchronous Control Signals Information
            8.4.3) Timing Summary
            8.4.4) Timing Details
            8.4.5) Cross Clock Domains Report


=========================================================================
*                      Synthesis Options Summary                        *
=========================================================================
---- Source Parameters
Input File Name                    : "diff.prj"
Ignore Synthesis Constraint File   : NO

---- Target Parameters
Output File Name                   : "diff"
Output Format                      : NGC
Target Device                      : xc7a200t-3-fbg484

---- Source Options
Top Module Name                    : diff
Automatic FSM Extraction           : YES
FSM Encoding Algorithm             : Auto
Safe Implementation                : No
FSM Style                          : LUT
RAM Extraction                     : Yes
RAM Style                          : Auto
ROM Extraction                     : Yes
Shift Register Extraction          : YES
ROM Style                          : Auto
Resource Sharing                   : YES
Asynchronous To Synchronous        : NO
Shift Register Minimum Size        : 2
Use DSP Block                      : Auto
Automatic Register Balancing       : No

---- Target Options
LUT Combining                      : Auto
Reduce Control Sets                : Auto
Add IO Buffers                     : YES
Global Maximum Fanout              : 100000
Add Generic Clock Buffer(BUFG)     : 32
Register Duplication               : YES
Optimize Instantiated Primitives   : NO
Use Clock Enable                   : Auto
Use Synchronous Set                : Auto
Use Synchronous Reset              : Auto
Pack IO Registers into IOBs        : Auto
Equivalent register Removal        : YES

---- General Options
Optimization Goal                  : Speed
Optimization Effort                : 1
Power Reduction                    : NO
Keep Hierarchy                     : No
Netlist Hierarchy                  : As_Optimized
RTL Output                         : Yes
Global Optimization                : AllClockNets
Read Cores                         : YES
Write Timing Constraints           : NO
Cross Clock Analysis               : NO
Hierarchy Separator                : /
Bus Delimiter                      : <>
Case Specifier                     : Maintain
Slice Utilization Ratio            : 100
BRAM Utilization Ratio             : 100
DSP48 Utilization Ratio            : 100
Auto BRAM Packing                  : NO
Slice Utilization Ratio Delta      : 5

=========================================================================


=========================================================================
*                          HDL Parsing                                  *
=========================================================================
Analyzing Verilog file "/home/pranav/KGP/5th Sem/COA LAB/COA-Laboratory-CS39001/RISC/lac_unit.v" into library work
Parsing module <lac_unit>.
Analyzing Verilog file "/home/pranav/KGP/5th Sem/COA LAB/COA-Laboratory-CS39001/RISC/cla_4_bit_augment.v" into library work
Parsing module <cla_4_bit_augment>.
Analyzing Verilog file "/home/pranav/KGP/5th Sem/COA LAB/COA-Laboratory-CS39001/RISC/cla_16_bit.v" into library work
Parsing module <cla_16_bit>.
Analyzing Verilog file "/home/pranav/KGP/5th Sem/COA LAB/COA-Laboratory-CS39001/RISC/binary_to_bcd.v" into library work
Parsing module <binary_to_bcd>.
Analyzing Verilog file "/home/pranav/KGP/5th Sem/COA LAB/COA-Laboratory-CS39001/RISC/adder32.v" into library work
Parsing module <adder32>.
Analyzing Verilog file "/home/pranav/KGP/5th Sem/COA LAB/COA-Laboratory-CS39001/RISC/diff.v" into library work
Parsing module <diff>.
ERROR:HDLCompiler:806 - "/home/pranav/KGP/5th Sem/COA LAB/COA-Laboratory-CS39001/RISC/diff.v" Line 39: Syntax error near "=".
ERROR:HDLCompiler:806 - "/home/pranav/KGP/5th Sem/COA LAB/COA-Laboratory-CS39001/RISC/diff.v" Line 40: Syntax error near "=".
ERROR:HDLCompiler:806 - "/home/pranav/KGP/5th Sem/COA LAB/COA-Laboratory-CS39001/RISC/diff.v" Line 41: Syntax error near "=".
ERROR:HDLCompiler:806 - "/home/pranav/KGP/5th Sem/COA LAB/COA-Laboratory-CS39001/RISC/diff.v" Line 42: Syntax error near "=".
ERROR:HDLCompiler:806 - "/home/pranav/KGP/5th Sem/COA LAB/COA-Laboratory-CS39001/RISC/diff.v" Line 43: Syntax error near "=".
ERROR:HDLCompiler:806 - "/home/pranav/KGP/5th Sem/COA LAB/COA-Laboratory-CS39001/RISC/diff.v" Line 44: Syntax error near "=".
ERROR:HDLCompiler:806 - "/home/pranav/KGP/5th Sem/COA LAB/COA-Laboratory-CS39001/RISC/diff.v" Line 45: Syntax error near "=".
ERROR:HDLCompiler:806 - "/home/pranav/KGP/5th Sem/COA LAB/COA-Laboratory-CS39001/RISC/diff.v" Line 46: Syntax error near "=".
ERROR:HDLCompiler:806 - "/home/pranav/KGP/5th Sem/COA LAB/COA-Laboratory-CS39001/RISC/diff.v" Line 47: Syntax error near "=".
ERROR:HDLCompiler:806 - "/home/pranav/KGP/5th Sem/COA LAB/COA-Laboratory-CS39001/RISC/diff.v" Line 48: Syntax error near "=".
ERROR:HDLCompiler:806 - "/home/pranav/KGP/5th Sem/COA LAB/COA-Laboratory-CS39001/RISC/diff.v" Line 49: Syntax error near "=".
ERROR:HDLCompiler:806 - "/home/pranav/KGP/5th Sem/COA LAB/COA-Laboratory-CS39001/RISC/diff.v" Line 50: Syntax error near "=".
ERROR:HDLCompiler:806 - "/home/pranav/KGP/5th Sem/COA LAB/COA-Laboratory-CS39001/RISC/diff.v" Line 51: Syntax error near "=".
ERROR:HDLCompiler:806 - "/home/pranav/KGP/5th Sem/COA LAB/COA-Laboratory-CS39001/RISC/diff.v" Line 52: Syntax error near "=".
ERROR:HDLCompiler:806 - "/home/pranav/KGP/5th Sem/COA LAB/COA-Laboratory-CS39001/RISC/diff.v" Line 53: Syntax error near "=".
ERROR:HDLCompiler:806 - "/home/pranav/KGP/5th Sem/COA LAB/COA-Laboratory-CS39001/RISC/diff.v" Line 54: Syntax error near "=".
ERROR:HDLCompiler:806 - "/home/pranav/KGP/5th Sem/COA LAB/COA-Laboratory-CS39001/RISC/diff.v" Line 55: Syntax error near "=".
ERROR:HDLCompiler:806 - "/home/pranav/KGP/5th Sem/COA LAB/COA-Laboratory-CS39001/RISC/diff.v" Line 56: Syntax error near "=".
ERROR:HDLCompiler:806 - "/home/pranav/KGP/5th Sem/COA LAB/COA-Laboratory-CS39001/RISC/diff.v" Line 57: Syntax error near "=".
Sorry, too many errors..
--> 


Total memory usage is 328468 kilobytes

Number of errors   :   19 (   0 filtered)
Number of warnings :    0 (   0 filtered)
Number of infos    :    0 (   0 filtered)

