Release 14.7 - xst P.20131013 (lin64)
Copyright (c) 1995-2013 Xilinx, Inc.  All rights reserved.
--> 
Parameter TMPDIR set to xst/projnav.tmp


Total REAL time to Xst completion: 1.00 secs
Total CPU time to Xst completion: 0.02 secs
 
--> 
Parameter xsthdpdir set to xst


Total REAL time to Xst completion: 1.00 secs
Total CPU time to Xst completion: 0.02 secs
 
--> 
Reading design: register_file.prj

TABLE OF CONTENTS
  1) Synthesis Options Summary
  2) HDL Parsing
  3) HDL Elaboration
  4) HDL Synthesis
       4.1) HDL Synthesis Report
  5) Advanced HDL Synthesis
       5.1) Advanced HDL Synthesis Report
  6) Low Level Synthesis
  7) Partition Report
  8) Design Summary
       8.1) Primitive and Black Box Usage
       8.2) Device utilization summary
       8.3) Partition Resource Summary
       8.4) Timing Report
            8.4.1) Clock Information
            8.4.2) Asynchronous Control Signals Information
            8.4.3) Timing Summary
            8.4.4) Timing Details
            8.4.5) Cross Clock Domains Report


=========================================================================
*                      Synthesis Options Summary                        *
=========================================================================
---- Source Parameters
Input File Name                    : "register_file.prj"
Ignore Synthesis Constraint File   : NO

---- Target Parameters
Output File Name                   : "register_file"
Output Format                      : NGC
Target Device                      : xc7a200t-3-fbg484

---- Source Options
Top Module Name                    : register_file
Automatic FSM Extraction           : YES
FSM Encoding Algorithm             : Auto
Safe Implementation                : No
FSM Style                          : LUT
RAM Extraction                     : Yes
RAM Style                          : Auto
ROM Extraction                     : Yes
Shift Register Extraction          : YES
ROM Style                          : Auto
Resource Sharing                   : YES
Asynchronous To Synchronous        : NO
Shift Register Minimum Size        : 2
Use DSP Block                      : Auto
Automatic Register Balancing       : No

---- Target Options
LUT Combining                      : Auto
Reduce Control Sets                : Auto
Add IO Buffers                     : YES
Global Maximum Fanout              : 100000
Add Generic Clock Buffer(BUFG)     : 32
Register Duplication               : YES
Optimize Instantiated Primitives   : NO
Use Clock Enable                   : Auto
Use Synchronous Set                : Auto
Use Synchronous Reset              : Auto
Pack IO Registers into IOBs        : Auto
Equivalent register Removal        : YES

---- General Options
Optimization Goal                  : Speed
Optimization Effort                : 1
Power Reduction                    : NO
Keep Hierarchy                     : No
Netlist Hierarchy                  : As_Optimized
RTL Output                         : Yes
Global Optimization                : AllClockNets
Read Cores                         : YES
Write Timing Constraints           : NO
Cross Clock Analysis               : NO
Hierarchy Separator                : /
Bus Delimiter                      : <>
Case Specifier                     : Maintain
Slice Utilization Ratio            : 100
BRAM Utilization Ratio             : 100
DSP48 Utilization Ratio            : 100
Auto BRAM Packing                  : NO
Slice Utilization Ratio Delta      : 5

=========================================================================


=========================================================================
*                          HDL Parsing                                  *
=========================================================================
Analyzing Verilog file "/home/vapippal/IIT KGP Docs/SEM 5/COA Lab/COA-Laboratory-CS39001/RISC/register_file.v" into library work
Parsing module <register_file>.

=========================================================================
*                            HDL Elaboration                            *
=========================================================================

Elaborating module <register_file>.

=========================================================================
*                           HDL Synthesis                               *
=========================================================================

Synthesizing Unit <register_file>.
    Related source file is "/home/vapippal/IIT KGP Docs/SEM 5/COA Lab/COA-Laboratory-CS39001/RISC/register_file.v".
    Found 1024-bit register for signal <n0044[1023:0]>.
    Found 32-bit 32-to-1 multiplexer for signal <readData1> created at line 35.
    Found 32-bit 32-to-1 multiplexer for signal <readData2> created at line 36.
    Summary:
	inferred 1024 D-type flip-flop(s).
	inferred  34 Multiplexer(s).
Unit <register_file> synthesized.

=========================================================================
HDL Synthesis Report

Macro Statistics
# Registers                                            : 1
 1024-bit register                                     : 1
# Multiplexers                                         : 34
 32-bit 2-to-1 multiplexer                             : 32
 32-bit 32-to-1 multiplexer                            : 2

=========================================================================

=========================================================================
*                       Advanced HDL Synthesis                          *
=========================================================================


=========================================================================
Advanced HDL Synthesis Report

Macro Statistics
# Registers                                            : 1024
 Flip-Flops                                            : 1024
# Multiplexers                                         : 34
 32-bit 2-to-1 multiplexer                             : 32
 32-bit 32-to-1 multiplexer                            : 2

=========================================================================

=========================================================================
*                         Low Level Synthesis                           *
=========================================================================

Optimizing unit <register_file> ...
WARNING:Xst:1710 - FF/Latch <r_0_31> (without init value) has a constant value of 0 in block <register_file>. This FF/Latch will be trimmed during the optimization process.
WARNING:Xst:1895 - Due to other FF/Latch trimming, FF/Latch <r_0_30> (without init value) has a constant value of 0 in block <register_file>. This FF/Latch will be trimmed during the optimization process.
WARNING:Xst:1895 - Due to other FF/Latch trimming, FF/Latch <r_0_29> (without init value) has a constant value of 0 in block <register_file>. This FF/Latch will be trimmed during the optimization process.
WARNING:Xst:1895 - Due to other FF/Latch trimming, FF/Latch <r_0_28> (without init value) has a constant value of 0 in block <register_file>. This FF/Latch will be trimmed during the optimization process.
WARNING:Xst:1895 - Due to other FF/Latch trimming, FF/Latch <r_0_27> (without init value) has a constant value of 0 in block <register_file>. This FF/Latch will be trimmed during the optimization process.
WARNING:Xst:1895 - Due to other FF/Latch trimming, FF/Latch <r_0_26> (without init value) has a constant value of 0 in block <register_file>. This FF/Latch will be trimmed during the optimization process.
WARNING:Xst:1895 - Due to other FF/Latch trimming, FF/Latch <r_0_25> (without init value) has a constant value of 0 in block <register_file>. This FF/Latch will be trimmed during the optimization process.
WARNING:Xst:1895 - Due to other FF/Latch trimming, FF/Latch <r_0_24> (without init value) has a constant value of 0 in block <register_file>. This FF/Latch will be trimmed during the optimization process.
WARNING:Xst:1895 - Due to other FF/Latch trimming, FF/Latch <r_0_23> (without init value) has a constant value of 0 in block <register_file>. This FF/Latch will be trimmed during the optimization process.
WARNING:Xst:1895 - Due to other FF/Latch trimming, FF/Latch <r_0_22> (without init value) has a constant value of 0 in block <register_file>. This FF/Latch will be trimmed during the optimization process.
WARNING:Xst:1895 - Due to other FF/Latch trimming, FF/Latch <r_0_21> (without init value) has a constant value of 0 in block <register_file>. This FF/Latch will be trimmed during the optimization process.
WARNING:Xst:1895 - Due to other FF/Latch trimming, FF/Latch <r_0_20> (without init value) has a constant value of 0 in block <register_file>. This FF/Latch will be trimmed during the optimization process.
WARNING:Xst:1895 - Due to other FF/Latch trimming, FF/Latch <r_0_19> (without init value) has a constant value of 0 in block <register_file>. This FF/Latch will be trimmed during the optimization process.
WARNING:Xst:1895 - Due to other FF/Latch trimming, FF/Latch <r_0_18> (without init value) has a constant value of 0 in block <register_file>. This FF/Latch will be trimmed during the optimization process.
WARNING:Xst:1895 - Due to other FF/Latch trimming, FF/Latch <r_0_17> (without init value) has a constant value of 0 in block <register_file>. This FF/Latch will be trimmed during the optimization process.
WARNING:Xst:1895 - Due to other FF/Latch trimming, FF/Latch <r_0_16> (without init value) has a constant value of 0 in block <register_file>. This FF/Latch will be trimmed during the optimization process.
WARNING:Xst:1895 - Due to other FF/Latch trimming, FF/Latch <r_0_15> (without init value) has a constant value of 0 in block <register_file>. This FF/Latch will be trimmed during the optimization process.
WARNING:Xst:1895 - Due to other FF/Latch trimming, FF/Latch <r_0_14> (without init value) has a constant value of 0 in block <register_file>. This FF/Latch will be trimmed during the optimization process.
WARNING:Xst:1895 - Due to other FF/Latch trimming, FF/Latch <r_0_13> (without init value) has a constant value of 0 in block <register_file>. This FF/Latch will be trimmed during the optimization process.
WARNING:Xst:1895 - Due to other FF/Latch trimming, FF/Latch <r_0_12> (without init value) has a constant value of 0 in block <register_file>. This FF/Latch will be trimmed during the optimization process.
WARNING:Xst:1895 - Due to other FF/Latch trimming, FF/Latch <r_0_11> (without init value) has a constant value of 0 in block <register_file>. This FF/Latch will be trimmed during the optimization process.
WARNING:Xst:1895 - Due to other FF/Latch trimming, FF/Latch <r_0_10> (without init value) has a constant value of 0 in block <register_file>. This FF/Latch will be trimmed during the optimization process.
WARNING:Xst:1895 - Due to other FF/Latch trimming, FF/Latch <r_0_9> (without init value) has a constant value of 0 in block <register_file>. This FF/Latch will be trimmed during the optimization process.
WARNING:Xst:1895 - Due to other FF/Latch trimming, FF/Latch <r_0_8> (without init value) has a constant value of 0 in block <register_file>. This FF/Latch will be trimmed during the optimization process.
WARNING:Xst:1895 - Due to other FF/Latch trimming, FF/Latch <r_0_7> (without init value) has a constant value of 0 in block <register_file>. This FF/Latch will be trimmed during the optimization process.
WARNING:Xst:1895 - Due to other FF/Latch trimming, FF/Latch <r_0_6> (without init value) has a constant value of 0 in block <register_file>. This FF/Latch will be trimmed during the optimization process.
WARNING:Xst:1895 - Due to other FF/Latch trimming, FF/Latch <r_0_5> (without init value) has a constant value of 0 in block <register_file>. This FF/Latch will be trimmed during the optimization process.
WARNING:Xst:1895 - Due to other FF/Latch trimming, FF/Latch <r_0_4> (without init value) has a constant value of 0 in block <register_file>. This FF/Latch will be trimmed during the optimization process.
WARNING:Xst:1895 - Due to other FF/Latch trimming, FF/Latch <r_0_3> (without init value) has a constant value of 0 in block <register_file>. This FF/Latch will be trimmed during the optimization process.
WARNING:Xst:1895 - Due to other FF/Latch trimming, FF/Latch <r_0_2> (without init value) has a constant value of 0 in block <register_file>. This FF/Latch will be trimmed during the optimization process.
WARNING:Xst:1895 - Due to other FF/Latch trimming, FF/Latch <r_0_1> (without init value) has a constant value of 0 in block <register_file>. This FF/Latch will be trimmed during the optimization process.
WARNING:Xst:1895 - Due to other FF/Latch trimming, FF/Latch <r_0_0> (without init value) has a constant value of 0 in block <register_file>. This FF/Latch will be trimmed during the optimization process.

Mapping all equations...
Building and optimizing final netlist ...
Found area constraint ratio of 100 (+ 5) on block register_file, actual ratio is 1.

Final Macro Processing ...

=========================================================================
Final Register Report

Macro Statistics
# Registers                                            : 992
 Flip-Flops                                            : 992

=========================================================================

=========================================================================
*                           Partition Report                            *
=========================================================================

Partition Implementation Status
-------------------------------

  No Partitions were found in this design.

-------------------------------

=========================================================================
*                            Design Summary                             *
=========================================================================

Top Level Output File Name         : register_file.ngc

Primitive and Black Box Usage:
------------------------------
# BELS                             : 1729
#      GND                         : 1
#      LUT3                        : 992
#      LUT5                        : 32
#      LUT6                        : 640
#      MUXF7                       : 64
# FlipFlops/Latches                : 992
#      FDCE                        : 992
# Clock Buffers                    : 1
#      BUFGP                       : 1
# IO Buffers                       : 112
#      IBUF                        : 48
#      OBUF                        : 64

Device utilization summary:
---------------------------

Selected Device : 7a200tfbg484-3 


Slice Logic Utilization: 
 Number of Slice Registers:             992  out of  269200     0%  
 Number of Slice LUTs:                 1664  out of  134600     1%  
    Number used as Logic:              1664  out of  134600     1%  

Slice Logic Distribution: 
 Number of LUT Flip Flop pairs used:   1664
   Number with an unused Flip Flop:     672  out of   1664    40%  
   Number with an unused LUT:             0  out of   1664     0%  
   Number of fully used LUT-FF pairs:   992  out of   1664    59%  
   Number of unique control sets:         1

IO Utilization: 
 Number of IOs:                         113
 Number of bonded IOBs:                 113  out of    285    39%  

Specific Feature Utilization:
 Number of BUFG/BUFGCTRLs:                1  out of     32     3%  

---------------------------
Partition Resource Summary:
---------------------------

  No Partitions were found in this design.

---------------------------


=========================================================================
Timing Report

NOTE: THESE TIMING NUMBERS ARE ONLY A SYNTHESIS ESTIMATE.
      FOR ACCURATE TIMING INFORMATION PLEASE REFER TO THE TRACE REPORT
      GENERATED AFTER PLACE-and-ROUTE.

Clock Information:
------------------
-----------------------------------+------------------------+-------+
Clock Signal                       | Clock buffer(FF name)  | Load  |
-----------------------------------+------------------------+-------+
clk                                | BUFGP                  | 992   |
-----------------------------------+------------------------+-------+

Asynchronous Control Signals Information:
----------------------------------------
No asynchronous control signals found in this design

Timing Summary:
---------------
Speed Grade: -3

   Minimum period: 0.771ns (Maximum Frequency: 1296.849MHz)
   Minimum input arrival time before clock: 1.479ns
   Maximum output required time after clock: 2.236ns
   Maximum combinational path delay: 2.144ns

Timing Details:
---------------
All values displayed in nanoseconds (ns)

=========================================================================
Timing constraint: Default period analysis for Clock 'clk'
  Clock period: 0.771ns (frequency: 1296.849MHz)
  Total number of paths / destination ports: 992 / 992
-------------------------------------------------------------------------
Delay:               0.771ns (Levels of Logic = 1)
  Source:            r_0_32 (FF)
  Destination:       r_0_32 (FF)
  Source Clock:      clk rising
  Destination Clock: clk rising

  Data Path: r_0_32 to r_0_32
                                Gate     Net
    Cell:in->out      fanout   Delay   Delay  Logical Name (Net Name)
    ----------------------------------------  ------------
     FDCE:C->Q             3   0.361   0.305  r_0_32 (r_0_32)
     LUT3:I2->O            1   0.097   0.000  Mmux_r[1][31]_writeData[31]_mux_34_OUT11 (r[1][31]_writeData[31]_mux_34_OUT<0>)
     FDCE:D                    0.008          r_0_32
    ----------------------------------------
    Total                      0.771ns (0.466ns logic, 0.305ns route)
                                       (60.4% logic, 39.6% route)

=========================================================================
Timing constraint: Default OFFSET IN BEFORE for Clock 'clk'
  Total number of paths / destination ports: 11904 / 2976
-------------------------------------------------------------------------
Offset:              1.479ns (Levels of Logic = 3)
  Source:            writeReg<1> (PAD)
  Destination:       r_0_32 (FF)
  Destination Clock: clk rising

  Data Path: writeReg<1> to r_0_32
                                Gate     Net
    Cell:in->out      fanout   Delay   Delay  Logical Name (Net Name)
    ----------------------------------------  ------------
     IBUF:I->O            32   0.001   0.790  writeReg_1_IBUF (writeReg_1_IBUF)
     LUT5:I0->O           32   0.097   0.486  writeReg[4]_Decoder_3_OUT<1><4>1 (writeReg[4]_Decoder_3_OUT<1>)
     LUT3:I1->O            1   0.097   0.000  Mmux_r[1][31]_writeData[31]_mux_34_OUT321 (r[1][31]_writeData[31]_mux_34_OUT<9>)
     FDCE:D                    0.008          r_0_41
    ----------------------------------------
    Total                      1.479ns (0.203ns logic, 1.276ns route)
                                       (13.7% logic, 86.3% route)

=========================================================================
Timing constraint: Default OFFSET OUT AFTER for Clock 'clk'
  Total number of paths / destination ports: 1984 / 64
-------------------------------------------------------------------------
Offset:              2.236ns (Levels of Logic = 4)
  Source:            r_0_863 (FF)
  Destination:       readData1<31> (PAD)
  Source Clock:      clk rising

  Data Path: r_0_863 to readData1<31>
                                Gate     Net
    Cell:in->out      fanout   Delay   Delay  Logical Name (Net Name)
    ----------------------------------------  ------------
     FDCE:C->Q             3   0.361   0.566  r_0_863 (r_0_863)
     LUT6:I2->O            1   0.097   0.556  Mmux_readData1_873 (Mmux_readData1_873)
     LUT6:I2->O            1   0.097   0.000  Mmux_readData1_324 (Mmux_readData1_324)
     MUXF7:I1->O           1   0.279   0.279  Mmux_readData1_2_f7_23 (readData1_31_OBUF)
     OBUF:I->O                 0.000          readData1_31_OBUF (readData1<31>)
    ----------------------------------------
    Total                      2.236ns (0.834ns logic, 1.402ns route)
                                       (37.3% logic, 62.7% route)

=========================================================================
Timing constraint: Default path analysis
  Total number of paths / destination ports: 1344 / 64
-------------------------------------------------------------------------
Delay:               2.144ns (Levels of Logic = 5)
  Source:            readReg1<1> (PAD)
  Destination:       readData1<31> (PAD)

  Data Path: readReg1<1> to readData1<31>
                                Gate     Net
    Cell:in->out      fanout   Delay   Delay  Logical Name (Net Name)
    ----------------------------------------  ------------
     IBUF:I->O           256   0.001   0.834  readReg1_1_IBUF (readReg1_1_IBUF)
     LUT6:I0->O            1   0.097   0.556  Mmux_readData1_81 (Mmux_readData1_81)
     LUT6:I2->O            1   0.097   0.000  Mmux_readData1_3 (Mmux_readData1_3)
     MUXF7:I1->O           1   0.279   0.279  Mmux_readData1_2_f7 (readData1_0_OBUF)
     OBUF:I->O                 0.000          readData1_0_OBUF (readData1<0>)
    ----------------------------------------
    Total                      2.144ns (0.474ns logic, 1.670ns route)
                                       (22.1% logic, 77.9% route)

=========================================================================

Cross Clock Domains Report:
--------------------------

Clock to Setup on destination clock clk
---------------+---------+---------+---------+---------+
               | Src:Rise| Src:Fall| Src:Rise| Src:Fall|
Source Clock   |Dest:Rise|Dest:Rise|Dest:Fall|Dest:Fall|
---------------+---------+---------+---------+---------+
clk            |    0.771|         |         |         |
---------------+---------+---------+---------+---------+

=========================================================================


Total REAL time to Xst completion: 9.00 secs
Total CPU time to Xst completion: 8.20 secs
 
--> 


Total memory usage is 492076 kilobytes

Number of errors   :    0 (   0 filtered)
Number of warnings :   32 (   0 filtered)
Number of infos    :    0 (   0 filtered)

