Command line:
   counter_4_bit_tb_isim_beh.exe
     -simmode  gui
     -simrunnum  0
     -socket  42959

Tue Sep 13 23:11:20 2022


 Elaboration Time: 0.01 sec

 Current Memory Usage: 184.238 Meg

 Total Signals          : 45
 Total Nets             : 55
 Total Signal Drivers   : 18
 Total Blocks           : 12
 Total Primitive Blocks : 9
 Total Processes        : 29
 Total Traceable Variables  : 36
 Total Scalar Nets and Variables : 261
Total Line Count : 85

 Total Simulation Time: 101.43 sec

 Current Memory Usage: 259.74 Meg

Tue Sep 13 23:13:25 2022

