Command line:
   diff_tb_isim_beh.exe
     -simmode  gui
     -simrunnum  0
     -socket  53563

Fri Oct 28 16:30:22 2022


 Elaboration Time: 0.02 sec

 Current Memory Usage: 184.365 Meg

 Total Signals          : 130
 Total Nets             : 365
 Total Signal Drivers   : 94
 Total Blocks           : 17
 Total Primitive Blocks : 12
 Total Processes        : 97
 Total Traceable Variables  : 22
 Total Scalar Nets and Variables : 516
Total Line Count : 142

 Total Simulation Time: 0.03 sec

 Current Memory Usage: 259.867 Meg

Fri Oct 28 16:30:39 2022

