Release 14.7 - xst P.20131013 (lin64)
Copyright (c) 1995-2013 Xilinx, Inc.  All rights reserved.
--> 
Parameter TMPDIR set to xst/projnav.tmp


Total REAL time to Xst completion: 0.00 secs
Total CPU time to Xst completion: 0.03 secs
 
--> 
Parameter xsthdpdir set to xst


Total REAL time to Xst completion: 0.00 secs
Total CPU time to Xst completion: 0.03 secs
 
--> 
Reading design: binary_to_bcd.prj

TABLE OF CONTENTS
  1) Synthesis Options Summary
  2) HDL Parsing
  3) HDL Elaboration
  4) HDL Synthesis
       4.1) HDL Synthesis Report
  5) Advanced HDL Synthesis
       5.1) Advanced HDL Synthesis Report
  6) Low Level Synthesis
  7) Partition Report
  8) Design Summary
       8.1) Primitive and Black Box Usage
       8.2) Device utilization summary
       8.3) Partition Resource Summary
       8.4) Timing Report
            8.4.1) Clock Information
            8.4.2) Asynchronous Control Signals Information
            8.4.3) Timing Summary
            8.4.4) Timing Details
            8.4.5) Cross Clock Domains Report


=========================================================================
*                      Synthesis Options Summary                        *
=========================================================================
---- Source Parameters
Input File Name                    : "binary_to_bcd.prj"
Ignore Synthesis Constraint File   : NO

---- Target Parameters
Output File Name                   : "binary_to_bcd"
Output Format                      : NGC
Target Device                      : xc7a100t-1-csg324

---- Source Options
Top Module Name                    : binary_to_bcd
Automatic FSM Extraction           : YES
FSM Encoding Algorithm             : Auto
Safe Implementation                : No
FSM Style                          : LUT
RAM Extraction                     : Yes
RAM Style                          : Auto
ROM Extraction                     : Yes
Shift Register Extraction          : YES
ROM Style                          : Auto
Resource Sharing                   : YES
Asynchronous To Synchronous        : NO
Shift Register Minimum Size        : 2
Use DSP Block                      : Auto
Automatic Register Balancing       : No

---- Target Options
LUT Combining                      : Auto
Reduce Control Sets                : Auto
Add IO Buffers                     : YES
Global Maximum Fanout              : 100000
Add Generic Clock Buffer(BUFG)     : 32
Register Duplication               : YES
Optimize Instantiated Primitives   : NO
Use Clock Enable                   : Auto
Use Synchronous Set                : Auto
Use Synchronous Reset              : Auto
Pack IO Registers into IOBs        : Auto
Equivalent register Removal        : YES

---- General Options
Optimization Goal                  : Speed
Optimization Effort                : 1
Power Reduction                    : NO
Keep Hierarchy                     : No
Netlist Hierarchy                  : As_Optimized
RTL Output                         : Yes
Global Optimization                : AllClockNets
Read Cores                         : YES
Write Timing Constraints           : NO
Cross Clock Analysis               : NO
Hierarchy Separator                : /
Bus Delimiter                      : <>
Case Specifier                     : Maintain
Slice Utilization Ratio            : 100
BRAM Utilization Ratio             : 100
DSP48 Utilization Ratio            : 100
Auto BRAM Packing                  : NO
Slice Utilization Ratio Delta      : 5

=========================================================================


=========================================================================
*                          HDL Parsing                                  *
=========================================================================
Analyzing Verilog file "/home/pranav/KGP/5th Sem/COA LAB/COA-Laboratory-CS39001/assignment-5/Verilog_Assgn_1_Grp_55/binary_to_bcd.v" into library work
Parsing module <binary_to_bcd>.

=========================================================================
*                            HDL Elaboration                            *
=========================================================================

Elaborating module <binary_to_bcd>.
WARNING:HDLCompiler:413 - "/home/pranav/KGP/5th Sem/COA LAB/COA-Laboratory-CS39001/assignment-5/Verilog_Assgn_1_Grp_55/binary_to_bcd.v" Line 41: Result of 5-bit expression is truncated to fit in 4-bit target.
WARNING:HDLCompiler:413 - "/home/pranav/KGP/5th Sem/COA LAB/COA-Laboratory-CS39001/assignment-5/Verilog_Assgn_1_Grp_55/binary_to_bcd.v" Line 44: Result of 5-bit expression is truncated to fit in 4-bit target.
WARNING:HDLCompiler:413 - "/home/pranav/KGP/5th Sem/COA LAB/COA-Laboratory-CS39001/assignment-5/Verilog_Assgn_1_Grp_55/binary_to_bcd.v" Line 45: Result of 5-bit expression is truncated to fit in 4-bit target.
WARNING:HDLCompiler:413 - "/home/pranav/KGP/5th Sem/COA LAB/COA-Laboratory-CS39001/assignment-5/Verilog_Assgn_1_Grp_55/binary_to_bcd.v" Line 52: Result of 5-bit expression is truncated to fit in 4-bit target.

=========================================================================
*                           HDL Synthesis                               *
=========================================================================

Synthesizing Unit <binary_to_bcd>.
    Related source file is "/home/pranav/KGP/5th Sem/COA LAB/COA-Laboratory-CS39001/assignment-5/Verilog_Assgn_1_Grp_55/binary_to_bcd.v".
    Found 4-bit register for signal <save_in>.
    Found 4-bit register for signal <tens_temp>.
    Found 4-bit register for signal <ones_temp>.
    Found 4-bit register for signal <itr>.
    Found 4-bit register for signal <tens>.
    Found 4-bit register for signal <ones>.
    Found 12-bit register for signal <shift>.
    Found 4-bit adder for signal <itr[3]_GND_1_o_add_3_OUT> created at line 41.
    Found 4-bit adder for signal <tens_temp[3]_GND_1_o_add_12_OUT> created at line 44.
    Found 4-bit adder for signal <ones_temp[3]_GND_1_o_add_15_OUT> created at line 45.
    Found 4-bit adder for signal <itr[3]_GND_1_o_add_17_OUT> created at line 52.
    Found 4-bit comparator not equal for signal <n0001> created at line 35
    Found 4-bit comparator greater for signal <itr[3]_GND_1_o_LessThan_10_o> created at line 43
    Found 4-bit comparator greater for signal <GND_1_o_itr[3]_LessThan_11_o> created at line 43
    Found 4-bit comparator lessequal for signal <n0013> created at line 44
    Found 4-bit comparator lessequal for signal <n0017> created at line 45
    Summary:
	inferred   4 Adder/Subtractor(s).
	inferred  36 D-type flip-flop(s).
	inferred   5 Comparator(s).
	inferred  10 Multiplexer(s).
Unit <binary_to_bcd> synthesized.

=========================================================================
HDL Synthesis Report

Macro Statistics
# Adders/Subtractors                                   : 4
 4-bit adder                                           : 4
# Registers                                            : 7
 12-bit register                                       : 1
 4-bit register                                        : 6
# Comparators                                          : 5
 4-bit comparator greater                              : 2
 4-bit comparator lessequal                            : 2
 4-bit comparator not equal                            : 1
# Multiplexers                                         : 10
 12-bit 2-to-1 multiplexer                             : 2
 4-bit 2-to-1 multiplexer                              : 8

=========================================================================
INFO:Xst:1767 - HDL ADVISOR - Resource sharing has identified that some arithmetic operations in this design can share the same physical resources for reduced device utilization. For improved clock frequency you may try to disable resource sharing.

=========================================================================
*                       Advanced HDL Synthesis                          *
=========================================================================


=========================================================================
Advanced HDL Synthesis Report

Macro Statistics
# Adders/Subtractors                                   : 4
 4-bit adder                                           : 4
# Registers                                            : 36
 Flip-Flops                                            : 36
# Comparators                                          : 5
 4-bit comparator greater                              : 2
 4-bit comparator lessequal                            : 2
 4-bit comparator not equal                            : 1
# Multiplexers                                         : 10
 12-bit 2-to-1 multiplexer                             : 2
 4-bit 2-to-1 multiplexer                              : 8

=========================================================================

=========================================================================
*                         Low Level Synthesis                           *
=========================================================================
WARNING:Xst:2677 - Node <shift_4> of sequential type is unconnected in block <binary_to_bcd>.
WARNING:Xst:2677 - Node <shift_5> of sequential type is unconnected in block <binary_to_bcd>.
WARNING:Xst:2677 - Node <shift_6> of sequential type is unconnected in block <binary_to_bcd>.
WARNING:Xst:2677 - Node <shift_7> of sequential type is unconnected in block <binary_to_bcd>.
WARNING:Xst:2677 - Node <shift_8> of sequential type is unconnected in block <binary_to_bcd>.
WARNING:Xst:2677 - Node <shift_9> of sequential type is unconnected in block <binary_to_bcd>.
WARNING:Xst:2677 - Node <shift_10> of sequential type is unconnected in block <binary_to_bcd>.
WARNING:Xst:2677 - Node <shift_11> of sequential type is unconnected in block <binary_to_bcd>.

Optimizing unit <binary_to_bcd> ...
WARNING:Xst:1293 - FF/Latch <shift_0> has a constant value of 0 in block <binary_to_bcd>. This FF/Latch will be trimmed during the optimization process.
WARNING:Xst:1896 - Due to other FF/Latch trimming, FF/Latch <itr_3> has a constant value of 0 in block <binary_to_bcd>. This FF/Latch will be trimmed during the optimization process.

Mapping all equations...
Building and optimizing final netlist ...
Found area constraint ratio of 100 (+ 5) on block binary_to_bcd, actual ratio is 0.

Final Macro Processing ...

=========================================================================
Final Register Report

Macro Statistics
# Registers                                            : 26
 Flip-Flops                                            : 26

=========================================================================

=========================================================================
*                           Partition Report                            *
=========================================================================

Partition Implementation Status
-------------------------------

  No Partitions were found in this design.

-------------------------------

=========================================================================
*                            Design Summary                             *
=========================================================================

Top Level Output File Name         : binary_to_bcd.ngc

Primitive and Black Box Usage:
------------------------------
# BELS                             : 33
#      INV                         : 1
#      LUT2                        : 3
#      LUT3                        : 2
#      LUT4                        : 1
#      LUT5                        : 6
#      LUT6                        : 19
#      MUXF7                       : 1
# FlipFlops/Latches                : 26
#      FD                          : 11
#      FDE                         : 12
#      FDR                         : 3
# Clock Buffers                    : 1
#      BUFGP                       : 1
# IO Buffers                       : 12
#      IBUF                        : 4
#      OBUF                        : 8

Device utilization summary:
---------------------------

Selected Device : 7a100tcsg324-1 


Slice Logic Utilization: 
 Number of Slice Registers:              26  out of  126800     0%  
 Number of Slice LUTs:                   32  out of  63400     0%  
    Number used as Logic:                32  out of  63400     0%  

Slice Logic Distribution: 
 Number of LUT Flip Flop pairs used:     39
   Number with an unused Flip Flop:      13  out of     39    33%  
   Number with an unused LUT:             7  out of     39    17%  
   Number of fully used LUT-FF pairs:    19  out of     39    48%  
   Number of unique control sets:         4

IO Utilization: 
 Number of IOs:                          13
 Number of bonded IOBs:                  13  out of    210     6%  

Specific Feature Utilization:
 Number of BUFG/BUFGCTRLs:                1  out of     32     3%  

---------------------------
Partition Resource Summary:
---------------------------

  No Partitions were found in this design.

---------------------------


=========================================================================
Timing Report

NOTE: THESE TIMING NUMBERS ARE ONLY A SYNTHESIS ESTIMATE.
      FOR ACCURATE TIMING INFORMATION PLEASE REFER TO THE TRACE REPORT
      GENERATED AFTER PLACE-and-ROUTE.

Clock Information:
------------------
-----------------------------------+------------------------+-------+
Clock Signal                       | Clock buffer(FF name)  | Load  |
-----------------------------------+------------------------+-------+
clk                                | BUFGP                  | 26    |
-----------------------------------+------------------------+-------+

Asynchronous Control Signals Information:
----------------------------------------
No asynchronous control signals found in this design

Timing Summary:
---------------
Speed Grade: -1

   Minimum period: 2.658ns (Maximum Frequency: 376.223MHz)
   Minimum input arrival time before clock: 2.418ns
   Maximum output required time after clock: 0.877ns
   Maximum combinational path delay: No path found

Timing Details:
---------------
All values displayed in nanoseconds (ns)

=========================================================================
Timing constraint: Default period analysis for Clock 'clk'
  Clock period: 2.658ns (frequency: 376.223MHz)
  Total number of paths / destination ports: 389 / 41
-------------------------------------------------------------------------
Delay:               2.658ns (Levels of Logic = 3)
  Source:            save_in_0 (FF)
  Destination:       ones_temp_1 (FF)
  Source Clock:      clk rising
  Destination Clock: clk rising

  Data Path: save_in_0 to ones_temp_1
                                Gate     Net
    Cell:in->out      fanout   Delay   Delay  Logical Name (Net Name)
    ----------------------------------------  ------------
     FDE:C->Q              2   0.478   0.722  save_in_0 (save_in_0)
     LUT6:I3->O           10   0.124   0.480  GND_1_o_save_in[3]_AND_1_o_SW0 (N2)
     LUT6:I5->O            7   0.124   0.576  GND_1_o_save_in[3]_AND_1_o (GND_1_o_save_in[3]_AND_1_o)
     LUT6:I4->O            2   0.124   0.000  Mmux_ones_temp[3]_ones_temp[3]_mux_19_OUT31 (ones_temp[3]_ones_temp[3]_mux_19_OUT<2>)
     FD:D                      0.030          ones_temp_2
    ----------------------------------------
    Total                      2.658ns (0.880ns logic, 1.778ns route)
                                       (33.1% logic, 66.9% route)

=========================================================================
Timing constraint: Default OFFSET IN BEFORE for Clock 'clk'
  Total number of paths / destination ports: 158 / 24
-------------------------------------------------------------------------
Offset:              2.418ns (Levels of Logic = 4)
  Source:            in_4_bit_bin<0> (PAD)
  Destination:       ones_temp_1 (FF)
  Destination Clock: clk rising

  Data Path: in_4_bit_bin<0> to ones_temp_1
                                Gate     Net
    Cell:in->out      fanout   Delay   Delay  Logical Name (Net Name)
    ----------------------------------------  ------------
     IBUF:I->O             4   0.001   0.959  in_4_bit_bin_0_IBUF (in_4_bit_bin_0_IBUF)
     LUT6:I0->O           10   0.124   0.480  GND_1_o_save_in[3]_AND_1_o_SW0 (N2)
     LUT6:I5->O            7   0.124   0.576  GND_1_o_save_in[3]_AND_1_o (GND_1_o_save_in[3]_AND_1_o)
     LUT6:I4->O            2   0.124   0.000  Mmux_ones_temp[3]_ones_temp[3]_mux_19_OUT31 (ones_temp[3]_ones_temp[3]_mux_19_OUT<2>)
     FD:D                      0.030          ones_temp_2
    ----------------------------------------
    Total                      2.418ns (0.403ns logic, 2.015ns route)
                                       (16.7% logic, 83.3% route)

=========================================================================
Timing constraint: Default OFFSET OUT AFTER for Clock 'clk'
  Total number of paths / destination ports: 8 / 8
-------------------------------------------------------------------------
Offset:              0.877ns (Levels of Logic = 1)
  Source:            ones_3 (FF)
  Destination:       ones<3> (PAD)
  Source Clock:      clk rising

  Data Path: ones_3 to ones<3>
                                Gate     Net
    Cell:in->out      fanout   Delay   Delay  Logical Name (Net Name)
    ----------------------------------------  ------------
     FDE:C->Q              1   0.478   0.399  ones_3 (ones_3)
     OBUF:I->O                 0.000          ones_3_OBUF (ones<3>)
    ----------------------------------------
    Total                      0.877ns (0.478ns logic, 0.399ns route)
                                       (54.5% logic, 45.5% route)

=========================================================================

Cross Clock Domains Report:
--------------------------

Clock to Setup on destination clock clk
---------------+---------+---------+---------+---------+
               | Src:Rise| Src:Fall| Src:Rise| Src:Fall|
Source Clock   |Dest:Rise|Dest:Rise|Dest:Fall|Dest:Fall|
---------------+---------+---------+---------+---------+
clk            |    2.658|         |         |         |
---------------+---------+---------+---------+---------+

=========================================================================


Total REAL time to Xst completion: 4.00 secs
Total CPU time to Xst completion: 4.61 secs
 
--> 


Total memory usage is 488704 kilobytes

Number of errors   :    0 (   0 filtered)
Number of warnings :   14 (   0 filtered)
Number of infos    :    1 (   0 filtered)

