--------------------------------------------------------------------------------
Release 14.7 Trace  (lin64)
Copyright (c) 1995-2013 Xilinx, Inc.  All rights reserved.

/opt/Xilinx/14.7/ISE_DS/ISE/bin/lin64/unwrapped/trce -intstyle ise -v 3 -s 1 -n
3 -fastpaths -xml full_adder_16_bit.twx full_adder_16_bit.ncd -o
full_adder_16_bit.twr full_adder_16_bit.pcf

Design file:              full_adder_16_bit.ncd
Physical constraint file: full_adder_16_bit.pcf
Device,package,speed:     xc7a100t,csg324,C,-1 (PRODUCTION 1.10 2013-10-13)
Report level:             verbose report

Environment Variable      Effect 
--------------------      ------ 
NONE                      No environment variables were set
--------------------------------------------------------------------------------

INFO:Timing:2698 - No timing constraints found, doing default enumeration.
INFO:Timing:3412 - To improve timing, see the Timing Closure User Guide (UG612).
INFO:Timing:2752 - To get complete path coverage, use the unconstrained paths 
   option. All paths that are not constrained will be reported in the 
   unconstrained paths section(s) of the report.
INFO:Timing:3339 - The clock-to-out numbers in this timing report are based on 
   a 50 Ohm transmission line loading model.  For the details of this model, 
   and for more information on accounting for different loading conditions, 
   please see the device datasheet.



Data Sheet report:
-----------------
All values displayed in nanoseconds (ns)

Pad to Pad
---------------+---------------+---------+
Source Pad     |Destination Pad|  Delay  |
---------------+---------------+---------+
a<0>           |cout           |   17.333|
a<0>           |sum<0>         |    7.151|
a<0>           |sum<1>         |    8.319|
a<0>           |sum<2>         |    8.945|
a<0>           |sum<3>         |    9.950|
a<0>           |sum<4>         |   10.122|
a<0>           |sum<5>         |   11.375|
a<0>           |sum<6>         |   12.096|
a<0>           |sum<7>         |   12.984|
a<0>           |sum<8>         |   13.249|
a<0>           |sum<9>         |   13.619|
a<0>           |sum<10>        |   14.262|
a<0>           |sum<11>        |   14.710|
a<0>           |sum<12>        |   15.659|
a<0>           |sum<13>        |   16.841|
a<0>           |sum<14>        |   17.246|
a<0>           |sum<15>        |   17.748|
a<1>           |cout           |   17.113|
a<1>           |sum<1>         |    7.611|
a<1>           |sum<2>         |    8.725|
a<1>           |sum<3>         |    9.730|
a<1>           |sum<4>         |    9.902|
a<1>           |sum<5>         |   11.155|
a<1>           |sum<6>         |   11.876|
a<1>           |sum<7>         |   12.764|
a<1>           |sum<8>         |   13.029|
a<1>           |sum<9>         |   13.399|
a<1>           |sum<10>        |   14.042|
a<1>           |sum<11>        |   14.490|
a<1>           |sum<12>        |   15.439|
a<1>           |sum<13>        |   16.621|
a<1>           |sum<14>        |   17.026|
a<1>           |sum<15>        |   17.528|
a<2>           |cout           |   15.586|
a<2>           |sum<2>         |    8.036|
a<2>           |sum<3>         |    8.203|
a<2>           |sum<4>         |    8.375|
a<2>           |sum<5>         |    9.628|
a<2>           |sum<6>         |   10.349|
a<2>           |sum<7>         |   11.237|
a<2>           |sum<8>         |   11.502|
a<2>           |sum<9>         |   11.872|
a<2>           |sum<10>        |   12.515|
a<2>           |sum<11>        |   12.963|
a<2>           |sum<12>        |   13.912|
a<2>           |sum<13>        |   15.094|
a<2>           |sum<14>        |   15.499|
a<2>           |sum<15>        |   16.001|
a<3>           |cout           |   16.499|
a<3>           |sum<3>         |    8.954|
a<3>           |sum<4>         |    9.288|
a<3>           |sum<5>         |   10.541|
a<3>           |sum<6>         |   11.262|
a<3>           |sum<7>         |   12.150|
a<3>           |sum<8>         |   12.415|
a<3>           |sum<9>         |   12.785|
a<3>           |sum<10>        |   13.428|
a<3>           |sum<11>        |   13.876|
a<3>           |sum<12>        |   14.825|
a<3>           |sum<13>        |   16.007|
a<3>           |sum<14>        |   16.412|
a<3>           |sum<15>        |   16.914|
a<4>           |cout           |   14.444|
a<4>           |sum<4>         |    8.142|
a<4>           |sum<5>         |    8.486|
a<4>           |sum<6>         |    9.207|
a<4>           |sum<7>         |   10.095|
a<4>           |sum<8>         |   10.360|
a<4>           |sum<9>         |   10.730|
a<4>           |sum<10>        |   11.373|
a<4>           |sum<11>        |   11.821|
a<4>           |sum<12>        |   12.770|
a<4>           |sum<13>        |   13.952|
a<4>           |sum<14>        |   14.357|
a<4>           |sum<15>        |   14.859|
a<5>           |cout           |   14.012|
a<5>           |sum<5>         |    8.609|
a<5>           |sum<6>         |    8.775|
a<5>           |sum<7>         |    9.663|
a<5>           |sum<8>         |    9.928|
a<5>           |sum<9>         |   10.298|
a<5>           |sum<10>        |   10.941|
a<5>           |sum<11>        |   11.389|
a<5>           |sum<12>        |   12.338|
a<5>           |sum<13>        |   13.520|
a<5>           |sum<14>        |   13.925|
a<5>           |sum<15>        |   14.427|
a<6>           |cout           |   13.890|
a<6>           |sum<6>         |    8.872|
a<6>           |sum<7>         |    9.541|
a<6>           |sum<8>         |    9.806|
a<6>           |sum<9>         |   10.176|
a<6>           |sum<10>        |   10.819|
a<6>           |sum<11>        |   11.267|
a<6>           |sum<12>        |   12.216|
a<6>           |sum<13>        |   13.398|
a<6>           |sum<14>        |   13.803|
a<6>           |sum<15>        |   14.305|
a<7>           |cout           |   12.865|
a<7>           |sum<7>         |    8.802|
a<7>           |sum<8>         |    8.781|
a<7>           |sum<9>         |    9.151|
a<7>           |sum<10>        |    9.794|
a<7>           |sum<11>        |   10.242|
a<7>           |sum<12>        |   11.191|
a<7>           |sum<13>        |   12.373|
a<7>           |sum<14>        |   12.778|
a<7>           |sum<15>        |   13.280|
a<8>           |cout           |   12.533|
a<8>           |sum<8>         |    8.276|
a<8>           |sum<9>         |    8.819|
a<8>           |sum<10>        |    9.462|
a<8>           |sum<11>        |    9.910|
a<8>           |sum<12>        |   10.859|
a<8>           |sum<13>        |   12.041|
a<8>           |sum<14>        |   12.446|
a<8>           |sum<15>        |   12.948|
a<9>           |cout           |   11.531|
a<9>           |sum<9>         |    8.589|
a<9>           |sum<10>        |    8.460|
a<9>           |sum<11>        |    8.908|
a<9>           |sum<12>        |    9.857|
a<9>           |sum<13>        |   11.039|
a<9>           |sum<14>        |   11.444|
a<9>           |sum<15>        |   11.946|
a<10>          |cout           |   11.135|
a<10>          |sum<10>        |    8.220|
a<10>          |sum<11>        |    8.512|
a<10>          |sum<12>        |    9.461|
a<10>          |sum<13>        |   10.643|
a<10>          |sum<14>        |   11.048|
a<10>          |sum<15>        |   11.550|
a<11>          |cout           |   10.396|
a<11>          |sum<11>        |    8.538|
a<11>          |sum<12>        |    8.722|
a<11>          |sum<13>        |    9.904|
a<11>          |sum<14>        |   10.309|
a<11>          |sum<15>        |   10.811|
a<12>          |cout           |    9.711|
a<12>          |sum<12>        |    8.351|
a<12>          |sum<13>        |    9.219|
a<12>          |sum<14>        |    9.624|
a<12>          |sum<15>        |   10.126|
a<13>          |cout           |    9.147|
a<13>          |sum<13>        |    8.160|
a<13>          |sum<14>        |    9.060|
a<13>          |sum<15>        |    9.562|
a<14>          |cout           |    8.563|
a<14>          |sum<14>        |    8.272|
a<14>          |sum<15>        |    8.978|
a<15>          |cout           |    7.206|
a<15>          |sum<15>        |    8.547|
b<0>           |cout           |   17.314|
b<0>           |sum<0>         |    7.132|
b<0>           |sum<1>         |    8.300|
b<0>           |sum<2>         |    8.926|
b<0>           |sum<3>         |    9.931|
b<0>           |sum<4>         |   10.103|
b<0>           |sum<5>         |   11.356|
b<0>           |sum<6>         |   12.077|
b<0>           |sum<7>         |   12.965|
b<0>           |sum<8>         |   13.230|
b<0>           |sum<9>         |   13.600|
b<0>           |sum<10>        |   14.243|
b<0>           |sum<11>        |   14.691|
b<0>           |sum<12>        |   15.640|
b<0>           |sum<13>        |   16.822|
b<0>           |sum<14>        |   17.227|
b<0>           |sum<15>        |   17.729|
b<1>           |cout           |   16.842|
b<1>           |sum<1>         |    7.340|
b<1>           |sum<2>         |    8.454|
b<1>           |sum<3>         |    9.459|
b<1>           |sum<4>         |    9.631|
b<1>           |sum<5>         |   10.884|
b<1>           |sum<6>         |   11.605|
b<1>           |sum<7>         |   12.493|
b<1>           |sum<8>         |   12.758|
b<1>           |sum<9>         |   13.128|
b<1>           |sum<10>        |   13.771|
b<1>           |sum<11>        |   14.219|
b<1>           |sum<12>        |   15.168|
b<1>           |sum<13>        |   16.350|
b<1>           |sum<14>        |   16.755|
b<1>           |sum<15>        |   17.257|
b<2>           |cout           |   15.508|
b<2>           |sum<2>         |    7.958|
b<2>           |sum<3>         |    8.125|
b<2>           |sum<4>         |    8.297|
b<2>           |sum<5>         |    9.550|
b<2>           |sum<6>         |   10.271|
b<2>           |sum<7>         |   11.159|
b<2>           |sum<8>         |   11.424|
b<2>           |sum<9>         |   11.794|
b<2>           |sum<10>        |   12.437|
b<2>           |sum<11>        |   12.885|
b<2>           |sum<12>        |   13.834|
b<2>           |sum<13>        |   15.016|
b<2>           |sum<14>        |   15.421|
b<2>           |sum<15>        |   15.923|
b<3>           |cout           |   15.633|
b<3>           |sum<3>         |    8.088|
b<3>           |sum<4>         |    8.422|
b<3>           |sum<5>         |    9.675|
b<3>           |sum<6>         |   10.396|
b<3>           |sum<7>         |   11.284|
b<3>           |sum<8>         |   11.549|
b<3>           |sum<9>         |   11.919|
b<3>           |sum<10>        |   12.562|
b<3>           |sum<11>        |   13.010|
b<3>           |sum<12>        |   13.959|
b<3>           |sum<13>        |   15.141|
b<3>           |sum<14>        |   15.546|
b<3>           |sum<15>        |   16.048|
b<4>           |cout           |   14.346|
b<4>           |sum<4>         |    8.044|
b<4>           |sum<5>         |    8.388|
b<4>           |sum<6>         |    9.109|
b<4>           |sum<7>         |    9.997|
b<4>           |sum<8>         |   10.262|
b<4>           |sum<9>         |   10.632|
b<4>           |sum<10>        |   11.275|
b<4>           |sum<11>        |   11.723|
b<4>           |sum<12>        |   12.672|
b<4>           |sum<13>        |   13.854|
b<4>           |sum<14>        |   14.259|
b<4>           |sum<15>        |   14.761|
b<5>           |cout           |   13.595|
b<5>           |sum<5>         |    8.192|
b<5>           |sum<6>         |    8.358|
b<5>           |sum<7>         |    9.246|
b<5>           |sum<8>         |    9.511|
b<5>           |sum<9>         |    9.881|
b<5>           |sum<10>        |   10.524|
b<5>           |sum<11>        |   10.972|
b<5>           |sum<12>        |   11.921|
b<5>           |sum<13>        |   13.103|
b<5>           |sum<14>        |   13.508|
b<5>           |sum<15>        |   14.010|
b<6>           |cout           |   13.471|
b<6>           |sum<6>         |    8.453|
b<6>           |sum<7>         |    9.122|
b<6>           |sum<8>         |    9.387|
b<6>           |sum<9>         |    9.757|
b<6>           |sum<10>        |   10.400|
b<6>           |sum<11>        |   10.848|
b<6>           |sum<12>        |   11.797|
b<6>           |sum<13>        |   12.979|
b<6>           |sum<14>        |   13.384|
b<6>           |sum<15>        |   13.886|
b<7>           |cout           |   12.115|
b<7>           |sum<7>         |    7.957|
b<7>           |sum<8>         |    8.031|
b<7>           |sum<9>         |    8.401|
b<7>           |sum<10>        |    9.044|
b<7>           |sum<11>        |    9.492|
b<7>           |sum<12>        |   10.441|
b<7>           |sum<13>        |   11.623|
b<7>           |sum<14>        |   12.028|
b<7>           |sum<15>        |   12.530|
b<8>           |cout           |   12.098|
b<8>           |sum<8>         |    7.841|
b<8>           |sum<9>         |    8.384|
b<8>           |sum<10>        |    9.027|
b<8>           |sum<11>        |    9.475|
b<8>           |sum<12>        |   10.424|
b<8>           |sum<13>        |   11.606|
b<8>           |sum<14>        |   12.011|
b<8>           |sum<15>        |   12.513|
b<9>           |cout           |   11.002|
b<9>           |sum<9>         |    7.969|
b<9>           |sum<10>        |    7.931|
b<9>           |sum<11>        |    8.379|
b<9>           |sum<12>        |    9.328|
b<9>           |sum<13>        |   10.510|
b<9>           |sum<14>        |   10.915|
b<9>           |sum<15>        |   11.417|
b<10>          |cout           |   10.638|
b<10>          |sum<10>        |    7.723|
b<10>          |sum<11>        |    8.015|
b<10>          |sum<12>        |    8.964|
b<10>          |sum<13>        |   10.146|
b<10>          |sum<14>        |   10.551|
b<10>          |sum<15>        |   11.053|
b<11>          |cout           |    9.890|
b<11>          |sum<11>        |    7.941|
b<11>          |sum<12>        |    8.216|
b<11>          |sum<13>        |    9.398|
b<11>          |sum<14>        |    9.803|
b<11>          |sum<15>        |   10.305|
b<12>          |cout           |    9.346|
b<12>          |sum<12>        |    7.986|
b<12>          |sum<13>        |    8.854|
b<12>          |sum<14>        |    9.259|
b<12>          |sum<15>        |    9.761|
b<13>          |cout           |    8.411|
b<13>          |sum<13>        |    7.424|
b<13>          |sum<14>        |    8.324|
b<13>          |sum<15>        |    8.826|
b<14>          |cout           |    7.771|
b<14>          |sum<14>        |    7.480|
b<14>          |sum<15>        |    8.186|
b<15>          |cout           |    6.848|
b<15>          |sum<15>        |    8.189|
cin            |cout           |   17.873|
cin            |sum<0>         |    7.831|
cin            |sum<1>         |    8.859|
cin            |sum<2>         |    9.485|
cin            |sum<3>         |   10.490|
cin            |sum<4>         |   10.662|
cin            |sum<5>         |   11.915|
cin            |sum<6>         |   12.636|
cin            |sum<7>         |   13.524|
cin            |sum<8>         |   13.789|
cin            |sum<9>         |   14.159|
cin            |sum<10>        |   14.802|
cin            |sum<11>        |   15.250|
cin            |sum<12>        |   16.199|
cin            |sum<13>        |   17.381|
cin            |sum<14>        |   17.786|
cin            |sum<15>        |   18.288|
---------------+---------------+---------+


Analysis completed Wed Aug 31 14:53:44 2022 
--------------------------------------------------------------------------------

Trace Settings:
-------------------------
Trace Settings 

Peak Memory Usage: 751 MB



