--------------------------------------------------------------------------------
Release 14.7 Trace  (lin64)
Copyright (c) 1995-2013 Xilinx, Inc.  All rights reserved.

/opt/Xilinx/14.7/ISE_DS/ISE/bin/lin64/unwrapped/trce -intstyle ise -v 3 -s 1 -n
3 -fastpaths -xml full_adder_4_bit.twx full_adder_4_bit.ncd -o
full_adder_4_bit.twr full_adder_4_bit.pcf

Design file:              full_adder_4_bit.ncd
Physical constraint file: full_adder_4_bit.pcf
Device,package,speed:     xc7a100t,csg324,C,-1 (PRODUCTION 1.10 2013-10-13)
Report level:             verbose report

Environment Variable      Effect 
--------------------      ------ 
NONE                      No environment variables were set
--------------------------------------------------------------------------------

INFO:Timing:2698 - No timing constraints found, doing default enumeration.
INFO:Timing:3412 - To improve timing, see the Timing Closure User Guide (UG612).
INFO:Timing:2752 - To get complete path coverage, use the unconstrained paths 
   option. All paths that are not constrained will be reported in the 
   unconstrained paths section(s) of the report.
INFO:Timing:3339 - The clock-to-out numbers in this timing report are based on 
   a 50 Ohm transmission line loading model.  For the details of this model, 
   and for more information on accounting for different loading conditions, 
   please see the device datasheet.



Data Sheet report:
-----------------
All values displayed in nanoseconds (ns)

Pad to Pad
---------------+---------------+---------+
Source Pad     |Destination Pad|  Delay  |
---------------+---------------+---------+
a<0>           |cout           |   12.846|
a<0>           |sum<0>         |    7.518|
a<0>           |sum<1>         |    9.093|
a<0>           |sum<2>         |   10.568|
a<0>           |sum<3>         |   12.179|
a<1>           |cout           |   11.843|
a<1>           |sum<1>         |    8.122|
a<1>           |sum<2>         |    9.565|
a<1>           |sum<3>         |   11.176|
a<2>           |cout           |   10.399|
a<2>           |sum<2>         |    8.123|
a<2>           |sum<3>         |    9.732|
a<3>           |cout           |    8.293|
a<3>           |sum<3>         |    7.594|
b<0>           |cout           |   13.168|
b<0>           |sum<0>         |    7.840|
b<0>           |sum<1>         |    9.415|
b<0>           |sum<2>         |   10.890|
b<0>           |sum<3>         |   12.501|
b<1>           |cout           |   11.533|
b<1>           |sum<1>         |    7.812|
b<1>           |sum<2>         |    9.255|
b<1>           |sum<3>         |   10.866|
b<2>           |cout           |   10.141|
b<2>           |sum<2>         |    7.865|
b<2>           |sum<3>         |    9.474|
b<3>           |cout           |    8.018|
b<3>           |sum<3>         |    7.319|
cin            |cout           |   12.428|
cin            |sum<0>         |    7.100|
cin            |sum<1>         |    8.675|
cin            |sum<2>         |   10.150|
cin            |sum<3>         |   11.761|
---------------+---------------+---------+


Analysis completed Tue Aug 30 23:01:23 2022 
--------------------------------------------------------------------------------

Trace Settings:
-------------------------
Trace Settings 

Peak Memory Usage: 751 MB



