ISim log file
Running: /home/pranav/KGP/5th Sem/COA LAB/COA-Laboratory-CS39001/assignment-3/Assgn_3_Grp_55/cla_16_bit_tb_isim_beh.exe -intstyle ise -gui -tclbatch isim.cmd -wdb /home/pranav/KGP/5th Sem/COA LAB/COA-Laboratory-CS39001/assignment-3/Assgn_3_Grp_55/cla_16_bit_tb_isim_beh.wdb 
ISim P.20131013 (signature 0xfbc00daa)
WARNING: A WEBPACK license was found.
WARNING: Please use Xilinx License Configuration Manager to check out a full ISim license.
WARNING: ISim will run in Lite mode. Please refer to the ISim documentation for more information on the differences between the Lite and the Full version.
This is a Lite version of ISim.
Time resolution is 1 ps
# onerror resume
# wave add /
# run 1000 ns
Simulator is doing circuit initialization process.
Finished circuit initialization process.
a =     0, b =     0, cin = 0, sum =     0, cout = 0, p =  0, q =  0
a = 30037, b = 30049, cin = 0, sum = 60086, cout = 0, p =  0, q =  0
a =  1024, b =  2048, cin = 0, sum =  3072, cout = 0, p =  0, q =  0
a = 32768, b = 65535, cin = 0, sum = 32767, cout = 1, p =  0, q =  1
a = 65535, b = 65535, cin = 0, sum = 65534, cout = 1, p =  0, q =  1
a =   462, b =   391, cin = 0, sum =   853, cout = 0, p =  0, q =  0
a =   462, b =   391, cin = 1, sum =   854, cout = 0, p =  0, q =  0
# exit 0
