Command line:
   counter_4_bit_structural_tb_isim_beh.exe
     -simmode  gui
     -simrunnum  0
     -socket  47387

Wed Sep 14 15:39:20 2022


 Elaboration Time: 0.02 sec

 Current Memory Usage: 184.226 Meg

 Total Signals          : 27
 Total Nets             : 36
 Total Signal Drivers   : 16
 Total Blocks           : 5
 Total Primitive Blocks : 3
 Total Processes        : 20
 Total Traceable Variables  : 21
 Total Scalar Nets and Variables : 122
Total Line Count : 30

 Total Simulation Time: 0.11 sec

 Current Memory Usage: 259.727 Meg

Wed Sep 14 15:40:20 2022

