Command line:
   full_adder_64_bit_tb_isim_beh.exe
     -simmode  gui
     -simrunnum  0
     -socket  59473

Fri Aug 26 00:19:45 2022


 Elaboration Time: 0.01 sec

 Current Memory Usage: 186.356 Meg

 Total Signals          : 1129
 Total Nets             : 462
 Total Signal Drivers   : 328
 Total Blocks           : 209
 Total Primitive Blocks : 129
 Total Processes        : 330
 Total Traceable Variables  : 21
 Total Scalar Nets and Variables : 671
Total Line Count : 17

 Total Simulation Time: 0.05 sec

 Current Memory Usage: 261.857 Meg

Fri Aug 26 00:30:20 2022

