Command line:
   counter_4_bit_tb_isim_beh.exe
     -simmode  gui
     -simrunnum  0
     -socket  42071

Wed Sep 14 14:27:37 2022


 Elaboration Time: 0.01 sec

 Current Memory Usage: 184.23 Meg

 Total Signals          : 19
 Total Nets             : 21
 Total Signal Drivers   : 10
 Total Blocks           : 4
 Total Primitive Blocks : 2
 Total Processes        : 15
 Total Traceable Variables  : 24
 Total Scalar Nets and Variables : 141
Total Line Count : 31

 Total Simulation Time: 100.77 sec

 Current Memory Usage: 259.731 Meg

Wed Sep 14 14:33:59 2022

