Command line:
   processor_tb_isim_beh.exe
     -simmode  gui
     -simrunnum  0
     -socket  51817

Tue Nov  8 23:01:27 2022


 Elaboration Time: 0.03 sec

 Current Memory Usage: 188.457 Meg

 Total Signals          : 647
 Total Nets             : 2522
 Total Signal Drivers   : 344
 Total Blocks           : 80
 Total Primitive Blocks : 64
 Total Processes        : 378
 Total Traceable Variables  : 667
 Total Scalar Nets and Variables : 77037
Total Line Count : 1121

 Total Simulation Time: 45.41 sec

 Current Memory Usage: 263.959 Meg

Tue Nov  8 23:45:34 2022

